<?xml version="1.0" encoding="UTF-8"?>
<!-- Generated by org.testng.reporters.JUnitXMLReporter -->
<testsuite ignored="0" hostname="MININT-7I81DG4" failures="1" tests="1" name="LoginTest" time="8.147" errors="0" timestamp="10 Jun 2020 18:20:33 GMT">
  <testcase classname="tests.loginPageTest.LoginPageTest" name="testLogin" time="1.293">
    <failure type="java.lang.NullPointerException">
      <![CDATA[java.lang.NullPointerException
at pages.LoginPage.setUsername(LoginPage.java:26)
at pages.LoginPage.validLogin(LoginPage.java:38)
at tests.loginPageTest.LoginPageTest.testLogin(LoginPageTest.java:31)
... Removed 25 stack frames]]>
    </failure>
  </testcase> <!-- testLogin -->
</testsuite> <!-- LoginTest -->
