<?xml version="1.0" encoding="UTF-8"?>
<!-- Generated by org.testng.reporters.JUnitXMLReporter -->
<testsuite ignored="0" hostname="MININT-7I81DG4" failures="1" tests="1" name="NegativeLoginTest" time="6.093" errors="0" timestamp="10 Jun 2020 19:53:48 GMT">
  <testcase classname="tests.loginPageTest.NegativeLoginTest" name="negativeTest" time="0.0">
    <failure type="org.testng.TestNGException" message="
Data Provider public java.lang.Object[][] tests.loginPageTest.NegativeLoginTest.getXLSData() returned a null value">
      <![CDATA[org.testng.TestNGException: 
Data Provider public java.lang.Object[][] tests.loginPageTest.NegativeLoginTest.getXLSData() returned a null value
... Removed 22 stack frames]]>
    </failure>
  </testcase> <!-- negativeTest -->
</testsuite> <!-- NegativeLoginTest -->
