<?xml version="1.0" encoding="UTF-8"?>
<testng-results ignored="0" total="1" passed="1" failed="0" skipped="0">
  <reporter-output>
  </reporter-output>
  <suite started-at="2020-06-10T18:26:29Z" name="Default suite" finished-at="2020-06-10T18:26:37Z" duration-ms="8836">
    <groups>
    </groups>
    <test started-at="2020-06-10T18:26:29Z" name="Default test" finished-at="2020-06-10T18:26:37Z" duration-ms="8836">
      <class name="tests.loginPageTest.LoginPageTest">
        <test-method is-config="true" signature="setUp(java.lang.reflect.Method, java.lang.String, org.testng.ITestContext)[pri:0, instance:tests.loginPageTest.LoginPageTest@3c153a1]" started-at="2020-06-10T18:26:29Z" name="setUp" finished-at="2020-06-10T18:26:35Z" duration-ms="6294" status="PASS">
          <params>
            <param index="0">
              <value is-null="true"/>
            </param>
            <param index="1">
              <value>
                <![CDATA[chrome]]>
              </value>
            </param>
            <param index="2">
              <value>
                <![CDATA[org.testng.TestRunner@34cf5a97]]>
              </value>
            </param>
          </params>
          <reporter-output>
          </reporter-output>
        </test-method> <!-- setUp -->
        <test-method signature="testLogin()[pri:0, instance:tests.loginPageTest.LoginPageTest@3c153a1]" started-at="2020-06-10T18:26:35Z" name="testLogin" finished-at="2020-06-10T18:26:37Z" duration-ms="1863" status="PASS">
          <reporter-output>
          </reporter-output>
        </test-method> <!-- testLogin -->
        <test-method is-config="true" signature="tearDown()[pri:0, instance:tests.loginPageTest.LoginPageTest@3c153a1]" started-at="2020-06-10T18:26:37Z" name="tearDown" finished-at="2020-06-10T18:26:37Z" duration-ms="658" status="PASS">
          <reporter-output>
          </reporter-output>
        </test-method> <!-- tearDown -->
      </class> <!-- tests.loginPageTest.LoginPageTest -->
    </test> <!-- Default test -->
  </suite> <!-- Default suite -->
</testng-results>
