<?xml version="1.0" encoding="UTF-8"?>
<testng-results ignored="0" total="6" passed="6" failed="0" skipped="0">
  <reporter-output>
  </reporter-output>
  <suite started-at="2020-06-11T00:40:36Z" name="Full Test Suite" finished-at="2020-06-11T00:41:35Z" duration-ms="59081">
    <groups>
    </groups>
    <test started-at="2020-06-11T00:40:36Z" name="LoginTest" finished-at="2020-06-11T00:40:51Z" duration-ms="15039">
      <class name="tests.LoginPageTest">
        <test-method is-config="true" signature="setUp(java.lang.reflect.Method, java.lang.String, org.testng.ITestContext)[pri:0, instance:tests.LoginPageTest@5db45159]" started-at="2020-06-11T00:40:37Z" name="setUp" finished-at="2020-06-11T00:40:43Z" duration-ms="5879" status="PASS">
          <params>
            <param index="0">
              <value is-null="true"/>
            </param>
            <param index="1">
              <value>
                <![CDATA[chrome]]>
              </value>
            </param>
            <param index="2">
              <value>
                <![CDATA[org.testng.TestRunner@6b474074]]>
              </value>
            </param>
          </params>
          <reporter-output>
          </reporter-output>
        </test-method> <!-- setUp -->
        <test-method signature="testLogin()[pri:0, instance:tests.LoginPageTest@5db45159]" started-at="2020-06-11T00:40:43Z" name="testLogin" finished-at="2020-06-11T00:40:51Z" duration-ms="8023" status="PASS">
          <reporter-output>
          </reporter-output>
        </test-method> <!-- testLogin -->
        <test-method is-config="true" signature="tearDown()[pri:0, instance:tests.LoginPageTest@5db45159]" started-at="2020-06-11T00:40:51Z" name="tearDown" finished-at="2020-06-11T00:40:51Z" duration-ms="638" status="PASS">
          <reporter-output>
          </reporter-output>
        </test-method> <!-- tearDown -->
      </class> <!-- tests.LoginPageTest -->
    </test> <!-- LoginTest -->
    <test started-at="2020-06-11T00:40:52Z" name="NegativeLoginTest" finished-at="2020-06-11T00:41:00Z" duration-ms="8582">
      <class name="tests.NegativeLoginTest">
        <test-method is-config="true" signature="setUp(java.lang.reflect.Method, java.lang.String, org.testng.ITestContext)[pri:0, instance:tests.NegativeLoginTest@2a32de6c]" started-at="2020-06-11T00:40:52Z" name="setUp" finished-at="2020-06-11T00:40:55Z" duration-ms="3554" status="PASS">
          <params>
            <param index="0">
              <value is-null="true"/>
            </param>
            <param index="1">
              <value>
                <![CDATA[firefox]]>
              </value>
            </param>
            <param index="2">
              <value>
                <![CDATA[org.testng.TestRunner@108531c2]]>
              </value>
            </param>
          </params>
          <reporter-output>
          </reporter-output>
        </test-method> <!-- setUp -->
        <test-method signature="negativeTest(java.lang.String, java.lang.String, java.lang.String)[pri:0, instance:tests.NegativeLoginTest@2a32de6c]" started-at="2020-06-11T00:40:55Z" name="negativeTest" data-provider="getXLSData" finished-at="2020-06-11T00:40:59Z" duration-ms="3205" status="PASS">
          <params>
            <param index="0">
              <value>
                <![CDATA[wrongusername]]>
              </value>
            </param>
            <param index="1">
              <value>
                <![CDATA[SuperSecretPassword!]]>
              </value>
            </param>
            <param index="2">
              <value>
                <![CDATA[Your username is invalid!]]>
              </value>
            </param>
          </params>
          <reporter-output>
          </reporter-output>
        </test-method> <!-- negativeTest -->
        <test-method signature="negativeTest(java.lang.String, java.lang.String, java.lang.String)[pri:0, instance:tests.NegativeLoginTest@2a32de6c]" started-at="2020-06-11T00:40:59Z" name="negativeTest" data-provider="getXLSData" finished-at="2020-06-11T00:40:59Z" duration-ms="769" status="PASS">
          <params>
            <param index="0">
              <value>
                <![CDATA[tomsmith]]>
              </value>
            </param>
            <param index="1">
              <value>
                <![CDATA[wronPassword]]>
              </value>
            </param>
            <param index="2">
              <value>
                <![CDATA[Your password is invalid!]]>
              </value>
            </param>
          </params>
          <reporter-output>
          </reporter-output>
        </test-method> <!-- negativeTest -->
        <test-method is-config="true" signature="tearDown()[pri:0, instance:tests.NegativeLoginTest@2a32de6c]" started-at="2020-06-11T00:40:59Z" name="tearDown" finished-at="2020-06-11T00:41:00Z" duration-ms="692" status="PASS">
          <reporter-output>
          </reporter-output>
        </test-method> <!-- tearDown -->
      </class> <!-- tests.NegativeLoginTest -->
    </test> <!-- NegativeLoginTest -->
    <test started-at="2020-06-11T00:41:00Z" name="FrameTest" finished-at="2020-06-11T00:41:08Z" duration-ms="7991">
      <class name="tests.FrameTest">
        <test-method is-config="true" signature="setUp(java.lang.reflect.Method, java.lang.String, org.testng.ITestContext)[pri:0, instance:tests.FrameTest@2fd6b6c7]" started-at="2020-06-11T00:41:00Z" name="setUp" finished-at="2020-06-11T00:41:06Z" duration-ms="5620" status="PASS">
          <params>
            <param index="0">
              <value is-null="true"/>
            </param>
            <param index="1">
              <value>
                <![CDATA[msedge]]>
              </value>
            </param>
            <param index="2">
              <value>
                <![CDATA[org.testng.TestRunner@48b22fd4]]>
              </value>
            </param>
          </params>
          <reporter-output>
          </reporter-output>
        </test-method> <!-- setUp -->
        <test-method signature="testFrame()[pri:0, instance:tests.FrameTest@2fd6b6c7]" started-at="2020-06-11T00:41:06Z" name="testFrame" finished-at="2020-06-11T00:41:07Z" duration-ms="1676" status="PASS">
          <reporter-output>
          </reporter-output>
        </test-method> <!-- testFrame -->
        <test-method is-config="true" signature="tearDown()[pri:0, instance:tests.FrameTest@2fd6b6c7]" started-at="2020-06-11T00:41:07Z" name="tearDown" finished-at="2020-06-11T00:41:08Z" duration-ms="684" status="PASS">
          <reporter-output>
          </reporter-output>
        </test-method> <!-- tearDown -->
      </class> <!-- tests.FrameTest -->
    </test> <!-- FrameTest -->
    <test started-at="2020-06-11T00:41:08Z" name="DropDownTest" finished-at="2020-06-11T00:41:21Z" duration-ms="13003">
      <class name="tests.DropDownTest">
        <test-method is-config="true" signature="setUp(java.lang.reflect.Method, java.lang.String, org.testng.ITestContext)[pri:0, instance:tests.DropDownTest@ec756bd]" started-at="2020-06-11T00:41:08Z" name="setUp" finished-at="2020-06-11T00:41:13Z" duration-ms="5347" status="PASS">
          <params>
            <param index="0">
              <value is-null="true"/>
            </param>
            <param index="1">
              <value>
                <![CDATA[chrome]]>
              </value>
            </param>
            <param index="2">
              <value>
                <![CDATA[org.testng.TestRunner@6a9d5dff]]>
              </value>
            </param>
          </params>
          <reporter-output>
          </reporter-output>
        </test-method> <!-- setUp -->
        <test-method signature="testDropDown()[pri:0, instance:tests.DropDownTest@ec756bd]" started-at="2020-06-11T00:41:13Z" name="testDropDown" finished-at="2020-06-11T00:41:21Z" duration-ms="7038" status="PASS">
          <reporter-output>
          </reporter-output>
        </test-method> <!-- testDropDown -->
        <test-method is-config="true" signature="tearDown()[pri:0, instance:tests.DropDownTest@ec756bd]" started-at="2020-06-11T00:41:21Z" name="tearDown" finished-at="2020-06-11T00:41:21Z" duration-ms="610" status="PASS">
          <reporter-output>
          </reporter-output>
        </test-method> <!-- tearDown -->
      </class> <!-- tests.DropDownTest -->
    </test> <!-- DropDownTest -->
    <test started-at="2020-06-11T00:41:21Z" name="CheckBoxTest" finished-at="2020-06-11T00:41:35Z" duration-ms="14361">
      <class name="tests.CheckboxTest">
        <test-method is-config="true" signature="setUp(java.lang.reflect.Method, java.lang.String, org.testng.ITestContext)[pri:0, instance:tests.CheckboxTest@14d3bc22]" started-at="2020-06-11T00:41:21Z" name="setUp" finished-at="2020-06-11T00:41:27Z" duration-ms="5441" status="PASS">
          <params>
            <param index="0">
              <value is-null="true"/>
            </param>
            <param index="1">
              <value>
                <![CDATA[chrome]]>
              </value>
            </param>
            <param index="2">
              <value>
                <![CDATA[org.testng.TestRunner@3b08f438]]>
              </value>
            </param>
          </params>
          <reporter-output>
          </reporter-output>
        </test-method> <!-- setUp -->
        <test-method signature="testCheckbox()[pri:0, instance:tests.CheckboxTest@14d3bc22]" started-at="2020-06-11T00:41:27Z" name="testCheckbox" finished-at="2020-06-11T00:41:35Z" duration-ms="8289" status="PASS">
          <reporter-output>
          </reporter-output>
        </test-method> <!-- testCheckbox -->
        <test-method is-config="true" signature="tearDown()[pri:0, instance:tests.CheckboxTest@14d3bc22]" started-at="2020-06-11T00:41:35Z" name="tearDown" finished-at="2020-06-11T00:41:35Z" duration-ms="620" status="PASS">
          <reporter-output>
          </reporter-output>
        </test-method> <!-- tearDown -->
      </class> <!-- tests.CheckboxTest -->
    </test> <!-- CheckBoxTest -->
  </suite> <!-- Full Test Suite -->
</testng-results>
